<?xml version="1.0" encoding="UTF-8"?>
<!-- Generated by org.testng.reporters.JUnitReportReporter -->
<testsuite hostname="DESKTOP-A74UFH0" failures="0" tests="1" name="TestRunner" time="6.975" errors="0" timestamp="2023-03-26T12:04:13 EDT" skipped="0">
  <testcase classname="TestRunner" name="runScenario" time="6.975"/>
  <system-out/>
</testsuite> <!-- TestRunner -->
